app/build/intermediates/manifest_merge_blame_file/debug/processDebugMainManifest/manifest-merger-blame-debug-report.txt
1<?xml version="1.0" encoding="utf-8"?>
2<manifest xmlns:android="http://schemas.android.com/apk/res/android"
3    package="com.yourname.shexec"
4    android:versionCode="1"
5    android:versionName="1.0" >
6
7    <uses-sdk
8        android:minSdkVersion="21"
9        android:targetSdkVersion="34" />
10
11    <uses-permission android:name="android.permission.READ_EXTERNAL_STORAGE" />
11-->src/main/AndroidManifest.xml:5:5-80
11-->src/main/AndroidManifest.xml:5:22-77
12    <uses-permission android:name="android.permission.WRITE_EXTERNAL_STORAGE" />
12-->src/main/AndroidManifest.xml:6:5-81
12-->src/main/AndroidManifest.xml:6:22-78
13    <uses-permission android:name="android.permission.MANAGE_EXTERNAL_STORAGE" />
13-->src/main/AndroidManifest.xml:7:5-82
13-->src/main/AndroidManifest.xml:7:22-79
14    <uses-permission android:name="android.permission.REQUEST_INSTALL_PACKAGES" />
14-->src/main/AndroidManifest.xml:8:5-83
14-->src/main/AndroidManifest.xml:8:22-80
15    <uses-permission android:name="android.permission.VIBRATE" />
15-->[com.github.termux.termux-app:termux-shared:v0.119.0-beta.3] AndroidManifest.xml:9:5-66
15-->[com.github.termux.termux-app:termux-shared:v0.119.0-beta.3] AndroidManifest.xml:9:22-63
16
17    <permission
17-->[androidx.core:core:1.17.0] AndroidManifest.xml:22:5-24:47
18        android:name="com.yourname.shexec.DYNAMIC_RECEIVER_NOT_EXPORTED_PERMISSION"
18-->[androidx.core:core:1.17.0] AndroidManifest.xml:23:9-81
19        android:protectionLevel="signature" />
19-->[androidx.core:core:1.17.0] AndroidManifest.xml:24:9-44
20
21    <uses-permission android:name="com.yourname.shexec.DYNAMIC_RECEIVER_NOT_EXPORTED_PERMISSION" />
21-->[androidx.core:core:1.17.0] AndroidManifest.xml:26:5-97
21-->[androidx.core:core:1.17.0] AndroidManifest.xml:26:22-94
22
23    <application
23-->src/main/AndroidManifest.xml:10:5-26:19
24        android:allowBackup="true"
24-->src/main/AndroidManifest.xml:11:9-35
25        android:appComponentFactory="androidx.core.app.CoreComponentFactory"
25-->[androidx.core:core:1.17.0] AndroidManifest.xml:28:18-86
26        android:debuggable="true"
27        android:extractNativeLibs="true"
28        android:icon="@mipmap/ic_my_icon"
28-->src/main/AndroidManifest.xml:12:9-42
29        android:label="ShExec"
29-->src/main/AndroidManifest.xml:13:9-31
30        android:requestLegacyExternalStorage="true" >
30-->src/main/AndroidManifest.xml:14:9-52
31        <activity
31-->src/main/AndroidManifest.xml:16:9-24:20
32            android:name="com.yourname.shexec.MainActivity"
32-->src/main/AndroidManifest.xml:17:13-41
33            android:exported="true"
33-->src/main/AndroidManifest.xml:18:13-36
34            android:windowSoftInputMode="adjustResize|stateHidden" >
34-->src/main/AndroidManifest.xml:19:13-67
35            <intent-filter>
35-->src/main/AndroidManifest.xml:20:13-23:29
36                <action android:name="android.intent.action.MAIN" />
36-->src/main/AndroidManifest.xml:21:17-69
36-->src/main/AndroidManifest.xml:21:25-66
37
38                <category android:name="android.intent.category.LAUNCHER" />
38-->src/main/AndroidManifest.xml:22:17-77
38-->src/main/AndroidManifest.xml:22:27-74
39            </intent-filter>
40        </activity>
41
42        <provider
42-->[androidx.emoji2:emoji2:1.3.0] AndroidManifest.xml:24:9-32:20
43            android:name="androidx.startup.InitializationProvider"
43-->[androidx.emoji2:emoji2:1.3.0] AndroidManifest.xml:25:13-67
44            android:authorities="com.yourname.shexec.androidx-startup"
44-->[androidx.emoji2:emoji2:1.3.0] AndroidManifest.xml:26:13-68
45            android:exported="false" >
45-->[androidx.emoji2:emoji2:1.3.0] AndroidManifest.xml:27:13-37
46            <meta-data
46-->[androidx.emoji2:emoji2:1.3.0] AndroidManifest.xml:29:13-31:52
47                android:name="androidx.emoji2.text.EmojiCompatInitializer"
47-->[androidx.emoji2:emoji2:1.3.0] AndroidManifest.xml:30:17-75
48                android:value="androidx.startup" />
48-->[androidx.emoji2:emoji2:1.3.0] AndroidManifest.xml:31:17-49
49            <meta-data
49-->[androidx.lifecycle:lifecycle-process:2.6.2] AndroidManifest.xml:29:13-31:52
50                android:name="androidx.lifecycle.ProcessLifecycleInitializer"
50-->[androidx.lifecycle:lifecycle-process:2.6.2] AndroidManifest.xml:30:17-78
51                android:value="androidx.startup" />
51-->[androidx.lifecycle:lifecycle-process:2.6.2] AndroidManifest.xml:31:17-49
52            <meta-data
52-->[androidx.profileinstaller:profileinstaller:1.4.0] AndroidManifest.xml:29:13-31:52
53                android:name="androidx.profileinstaller.ProfileInstallerInitializer"
53-->[androidx.profileinstaller:profileinstaller:1.4.0] AndroidManifest.xml:30:17-85
54                android:value="androidx.startup" />
54-->[androidx.profileinstaller:profileinstaller:1.4.0] AndroidManifest.xml:31:17-49
55        </provider>
56
57        <uses-library
57-->[androidx.window:window:1.0.0-alpha09] AndroidManifest.xml:25:9-27:40
58            android:name="androidx.window.extensions"
58-->[androidx.window:window:1.0.0-alpha09] AndroidManifest.xml:26:13-54
59            android:required="false" />
59-->[androidx.window:window:1.0.0-alpha09] AndroidManifest.xml:27:13-37
60        <uses-library
60-->[androidx.window:window:1.0.0-alpha09] AndroidManifest.xml:28:9-30:40
61            android:name="androidx.window.sidecar"
61-->[androidx.window:window:1.0.0-alpha09] AndroidManifest.xml:29:13-51
62            android:required="false" />
62-->[androidx.window:window:1.0.0-alpha09] AndroidManifest.xml:30:13-37
63
64        <receiver
64-->[androidx.profileinstaller:profileinstaller:1.4.0] AndroidManifest.xml:34:9-52:20
65            android:name="androidx.profileinstaller.ProfileInstallReceiver"
65-->[androidx.profileinstaller:profileinstaller:1.4.0] AndroidManifest.xml:35:13-76
66            android:directBootAware="false"
66-->[androidx.profileinstaller:profileinstaller:1.4.0] AndroidManifest.xml:36:13-44
67            android:enabled="true"
67-->[androidx.profileinstaller:profileinstaller:1.4.0] AndroidManifest.xml:37:13-35
68            android:exported="true"
68-->[androidx.profileinstaller:profileinstaller:1.4.0] AndroidManifest.xml:38:13-36
69            android:permission="android.permission.DUMP" >
69-->[androidx.profileinstaller:profileinstaller:1.4.0] AndroidManifest.xml:39:13-57
70            <intent-filter>
70-->[androidx.profileinstaller:profileinstaller:1.4.0] AndroidManifest.xml:40:13-42:29
71                <action android:name="androidx.profileinstaller.action.INSTALL_PROFILE" />
71-->[androidx.profileinstaller:profileinstaller:1.4.0] AndroidManifest.xml:41:17-91
71-->[androidx.profileinstaller:profileinstaller:1.4.0] AndroidManifest.xml:41:25-88
72            </intent-filter>
73            <intent-filter>
73-->[androidx.profileinstaller:profileinstaller:1.4.0] AndroidManifest.xml:43:13-45:29
74                <action android:name="androidx.profileinstaller.action.SKIP_FILE" />
74-->[androidx.profileinstaller:profileinstaller:1.4.0] AndroidManifest.xml:44:17-85
74-->[androidx.profileinstaller:profileinstaller:1.4.0] AndroidManifest.xml:44:25-82
75            </intent-filter>
76            <intent-filter>
76-->[androidx.profileinstaller:profileinstaller:1.4.0] AndroidManifest.xml:46:13-48:29
77                <action android:name="androidx.profileinstaller.action.SAVE_PROFILE" />
77-->[androidx.profileinstaller:profileinstaller:1.4.0] AndroidManifest.xml:47:17-88
77-->[androidx.profileinstaller:profileinstaller:1.4.0] AndroidManifest.xml:47:25-85
78            </intent-filter>
79            <intent-filter>
79-->[androidx.profileinstaller:profileinstaller:1.4.0] AndroidManifest.xml:49:13-51:29
80                <action android:name="androidx.profileinstaller.action.BENCHMARK_OPERATION" />
80-->[androidx.profileinstaller:profileinstaller:1.4.0] AndroidManifest.xml:50:17-95
80-->[androidx.profileinstaller:profileinstaller:1.4.0] AndroidManifest.xml:50:25-92
81            </intent-filter>
82        </receiver>
83    </application>
84
85</manifest>